-- Using CATKIN_DEVEL_PREFIX: /home/jetsonorin/Documents/Work_2025/jetson/robot_ws/devel/.private/robot_manipulation
-- Using CMAKE_PREFIX_PATH: /home/jetsonorin/Documents/Work_2025/jetson/robot_ws/devel;/home/jetsonorin/Documents/Work_2025/jetson/robot_ws/devel/.private/catkin_tools_prebuild;/home/jetsonorin/catkin_ws/devel;/opt/ros/noetic
-- This workspace overlays: /home/jetsonorin/Documents/Work_2025/jetson/robot_ws/devel;/home/jetsonorin/Documents/Work_2025/jetson/robot_ws/devel/.private/catkin_tools_prebuild;/home/jetsonorin/catkin_ws/devel;/opt/ros/noetic
-- Found PythonInterp: /usr/bin/python3 (found suitable version "3.8.10", minimum required is "3") 
-- Using PYTHON_EXECUTABLE: /usr/bin/python3
-- Using Debian Python package layout
-- Using empy: /usr/lib/python3/dist-packages/em.py
-- Using CATKIN_ENABLE_TESTING: ON
-- Call enable_testing()
-- Using CATKIN_TEST_RESULTS_DIR: /home/jetsonorin/Documents/Work_2025/jetson/robot_ws/build/robot_manipulation/test_results
-- Forcing gtest/gmock from source, though one was otherwise available.
-- Found gtest sources under '/usr/src/googletest': gtests will be built
-- Found gmock sources under '/usr/src/googletest': gmock will be built
-- Found PythonInterp: /usr/bin/python3 (found version "3.8.10") 
-- Using Python nosetests: /usr/bin/nosetests3
-- catkin 0.8.12
-- BUILD_SHARED_LIBS is on
-- Using these message generators: gencpp;geneus;genlisp;gennodejs;genpy
-- Installing devel-space wrapper /home/jetsonorin/Documents/Work_2025/jetson/robot_ws/src/robot_manipulation/scripts/i2c_master_arduino.py to /home/jetsonorin/Documents/Work_2025/jetson/robot_ws/devel/.private/robot_manipulation/lib/robot_manipulation
-- Installing devel-space wrapper /home/jetsonorin/Documents/Work_2025/jetson/robot_ws/src/robot_manipulation/src/manipulation_interface.py to /home/jetsonorin/Documents/Work_2025/jetson/robot_ws/devel/.private/robot_manipulation/lib/robot_manipulation
-- Configuring done
-- Generating done
-- Build files have been written to: /home/jetsonorin/Documents/Work_2025/jetson/robot_ws/build/robot_manipulation
