[  0%] Built target std_msgs_generate_messages_lisp
[  0%] Built target _robot_base_controller_generate_messages_check_deps_encoder_data
[  0%] Built target _robot_base_controller_generate_messages_check_deps_velocity_data
[  0%] Built target std_msgs_generate_messages_py
[  0%] Built target std_msgs_generate_messages_nodejs
[  0%] Built target std_msgs_generate_messages_eus
[  0%] Built target std_msgs_generate_messages_cpp
[  7%] [32mBuilding CXX object CMakeFiles/hw_interface.dir/src/hw_interface.cpp.o[0m
[ 42%] Built target robot_base_controller_generate_messages_lisp
[ 42%] Built target robot_base_controller_generate_messages_py
[35m[1mScanning dependencies of target robot_base_controller_generate_messages_nodejs[0m
[ 50%] [34m[1mGenerating Javascript code from robot_base_controller/encoder_data.msg[0m
[ 57%] [34m[1mGenerating Javascript code from robot_base_controller/velocity_data.msg[0m
[ 57%] Built target robot_base_controller_generate_messages_nodejs
[35m[1mScanning dependencies of target robot_base_controller_generate_messages_eus[0m
[ 64%] [34m[1mGenerating EusLisp code from robot_base_controller/encoder_data.msg[0m
[35m[1mScanning dependencies of target robot_base_controller_generate_messages_cpp[0m
[ 71%] [34m[1mGenerating C++ code from robot_base_controller/encoder_data.msg[0m
[ 78%] [34m[1mGenerating C++ code from robot_base_controller/velocity_data.msg[0m
[ 85%] [34m[1mGenerating EusLisp code from robot_base_controller/velocity_data.msg[0m
[ 92%] [34m[1mGenerating EusLisp manifest code for robot_base_controller[0m
[ 92%] Built target robot_base_controller_generate_messages_cpp
[ 92%] Built target robot_base_controller_generate_messages_eus
[35m[1mScanning dependencies of target robot_base_controller_generate_messages[0m
[ 92%] Built target robot_base_controller_generate_messages
[100%] [32m[1mLinking CXX executable /home/rmajetson/Work_2025/jetson/robot_ws/devel/.private/robot_base_controller/lib/robot_base_controller/hw_interface[0m
[100%] Built target hw_interface
