Linked: (/home/rmajetson/Work_2025/jetson/robot_ws/devel/.private/robot_base_controller/share/robot_base_controller/cmake/robot_base_controllerConfig.cmake, /home/rmajetson/Work_2025/jetson/robot_ws/devel/share/robot_base_controller/cmake/robot_base_controllerConfig.cmake)
Linked: (/home/rmajetson/Work_2025/jetson/robot_ws/devel/.private/robot_base_controller/share/robot_base_controller/cmake/robot_base_controller-msg-extras.cmake, /home/rmajetson/Work_2025/jetson/robot_ws/devel/share/robot_base_controller/cmake/robot_base_controller-msg-extras.cmake)
Linked: (/home/rmajetson/Work_2025/jetson/robot_ws/devel/.private/robot_base_controller/share/robot_base_controller/cmake/robot_base_controllerConfig-version.cmake, /home/rmajetson/Work_2025/jetson/robot_ws/devel/share/robot_base_controller/cmake/robot_base_controllerConfig-version.cmake)
Linked: (/home/rmajetson/Work_2025/jetson/robot_ws/devel/.private/robot_base_controller/share/robot_base_controller/cmake/robot_base_controller-msg-paths.cmake, /home/rmajetson/Work_2025/jetson/robot_ws/devel/share/robot_base_controller/cmake/robot_base_controller-msg-paths.cmake)
Linked: (/home/rmajetson/Work_2025/jetson/robot_ws/devel/.private/robot_base_controller/share/gennodejs/ros/robot_base_controller/_index.js, /home/rmajetson/Work_2025/jetson/robot_ws/devel/share/gennodejs/ros/robot_base_controller/_index.js)
Linked: (/home/rmajetson/Work_2025/jetson/robot_ws/devel/.private/robot_base_controller/share/gennodejs/ros/robot_base_controller/msg/encoder_data.js, /home/rmajetson/Work_2025/jetson/robot_ws/devel/share/gennodejs/ros/robot_base_controller/msg/encoder_data.js)
Linked: (/home/rmajetson/Work_2025/jetson/robot_ws/devel/.private/robot_base_controller/share/gennodejs/ros/robot_base_controller/msg/_index.js, /home/rmajetson/Work_2025/jetson/robot_ws/devel/share/gennodejs/ros/robot_base_controller/msg/_index.js)
Linked: (/home/rmajetson/Work_2025/jetson/robot_ws/devel/.private/robot_base_controller/share/gennodejs/ros/robot_base_controller/msg/velocity_data.js, /home/rmajetson/Work_2025/jetson/robot_ws/devel/share/gennodejs/ros/robot_base_controller/msg/velocity_data.js)
Linked: (/home/rmajetson/Work_2025/jetson/robot_ws/devel/.private/robot_base_controller/share/common-lisp/ros/robot_base_controller/msg/_package_velocity_data.lisp, /home/rmajetson/Work_2025/jetson/robot_ws/devel/share/common-lisp/ros/robot_base_controller/msg/_package_velocity_data.lisp)
Linked: (/home/rmajetson/Work_2025/jetson/robot_ws/devel/.private/robot_base_controller/share/common-lisp/ros/robot_base_controller/msg/_package.lisp, /home/rmajetson/Work_2025/jetson/robot_ws/devel/share/common-lisp/ros/robot_base_controller/msg/_package.lisp)
Linked: (/home/rmajetson/Work_2025/jetson/robot_ws/devel/.private/robot_base_controller/share/common-lisp/ros/robot_base_controller/msg/velocity_data.lisp, /home/rmajetson/Work_2025/jetson/robot_ws/devel/share/common-lisp/ros/robot_base_controller/msg/velocity_data.lisp)
Linked: (/home/rmajetson/Work_2025/jetson/robot_ws/devel/.private/robot_base_controller/share/common-lisp/ros/robot_base_controller/msg/_package_encoder_data.lisp, /home/rmajetson/Work_2025/jetson/robot_ws/devel/share/common-lisp/ros/robot_base_controller/msg/_package_encoder_data.lisp)
Linked: (/home/rmajetson/Work_2025/jetson/robot_ws/devel/.private/robot_base_controller/share/common-lisp/ros/robot_base_controller/msg/encoder_data.lisp, /home/rmajetson/Work_2025/jetson/robot_ws/devel/share/common-lisp/ros/robot_base_controller/msg/encoder_data.lisp)
Linked: (/home/rmajetson/Work_2025/jetson/robot_ws/devel/.private/robot_base_controller/share/common-lisp/ros/robot_base_controller/msg/robot_base_controller-msg.asd, /home/rmajetson/Work_2025/jetson/robot_ws/devel/share/common-lisp/ros/robot_base_controller/msg/robot_base_controller-msg.asd)
Linked: (/home/rmajetson/Work_2025/jetson/robot_ws/devel/.private/robot_base_controller/share/roseus/ros/robot_base_controller/manifest.l, /home/rmajetson/Work_2025/jetson/robot_ws/devel/share/roseus/ros/robot_base_controller/manifest.l)
Linked: (/home/rmajetson/Work_2025/jetson/robot_ws/devel/.private/robot_base_controller/share/roseus/ros/robot_base_controller/msg/encoder_data.l, /home/rmajetson/Work_2025/jetson/robot_ws/devel/share/roseus/ros/robot_base_controller/msg/encoder_data.l)
Linked: (/home/rmajetson/Work_2025/jetson/robot_ws/devel/.private/robot_base_controller/share/roseus/ros/robot_base_controller/msg/velocity_data.l, /home/rmajetson/Work_2025/jetson/robot_ws/devel/share/roseus/ros/robot_base_controller/msg/velocity_data.l)
Linked: (/home/rmajetson/Work_2025/jetson/robot_ws/devel/.private/robot_base_controller/lib/python3/dist-packages/robot_base_controller/__init__.py, /home/rmajetson/Work_2025/jetson/robot_ws/devel/lib/python3/dist-packages/robot_base_controller/__init__.py)
Linked: (/home/rmajetson/Work_2025/jetson/robot_ws/devel/.private/robot_base_controller/lib/python3/dist-packages/robot_base_controller/msg/__init__.py, /home/rmajetson/Work_2025/jetson/robot_ws/devel/lib/python3/dist-packages/robot_base_controller/msg/__init__.py)
Linked: (/home/rmajetson/Work_2025/jetson/robot_ws/devel/.private/robot_base_controller/lib/python3/dist-packages/robot_base_controller/msg/_velocity_data.py, /home/rmajetson/Work_2025/jetson/robot_ws/devel/lib/python3/dist-packages/robot_base_controller/msg/_velocity_data.py)
Linked: (/home/rmajetson/Work_2025/jetson/robot_ws/devel/.private/robot_base_controller/lib/python3/dist-packages/robot_base_controller/msg/_encoder_data.py, /home/rmajetson/Work_2025/jetson/robot_ws/devel/lib/python3/dist-packages/robot_base_controller/msg/_encoder_data.py)
Linked: (/home/rmajetson/Work_2025/jetson/robot_ws/devel/.private/robot_base_controller/lib/pkgconfig/robot_base_controller.pc, /home/rmajetson/Work_2025/jetson/robot_ws/devel/lib/pkgconfig/robot_base_controller.pc)
Linked: (/home/rmajetson/Work_2025/jetson/robot_ws/devel/.private/robot_base_controller/lib/robot_base_controller/hw_interface, /home/rmajetson/Work_2025/jetson/robot_ws/devel/lib/robot_base_controller/hw_interface)
Linked: (/home/rmajetson/Work_2025/jetson/robot_ws/devel/.private/robot_base_controller/lib/robot_base_controller/mqtt_server.py, /home/rmajetson/Work_2025/jetson/robot_ws/devel/lib/robot_base_controller/mqtt_server.py)
Linked: (/home/rmajetson/Work_2025/jetson/robot_ws/devel/.private/robot_base_controller/lib/robot_base_controller/uart_serial.py, /home/rmajetson/Work_2025/jetson/robot_ws/devel/lib/robot_base_controller/uart_serial.py)
Linked: (/home/rmajetson/Work_2025/jetson/robot_ws/devel/.private/robot_base_controller/lib/robot_base_controller/i2c_master.py, /home/rmajetson/Work_2025/jetson/robot_ws/devel/lib/robot_base_controller/i2c_master.py)
Linked: (/home/rmajetson/Work_2025/jetson/robot_ws/devel/.private/robot_base_controller/include/robot_base_controller/encoder_data.h, /home/rmajetson/Work_2025/jetson/robot_ws/devel/include/robot_base_controller/encoder_data.h)
Linked: (/home/rmajetson/Work_2025/jetson/robot_ws/devel/.private/robot_base_controller/include/robot_base_controller/velocity_data.h, /home/rmajetson/Work_2025/jetson/robot_ws/devel/include/robot_base_controller/velocity_data.h)
