Symlinking /home/rmajetson/Work_2025/jetson/robot_ws/devel/share/robot_base_controller/cmake/robot_base_controllerConfig.cmake
Symlinking /home/rmajetson/Work_2025/jetson/robot_ws/devel/share/robot_base_controller/cmake/robot_base_controller-msg-extras.cmake
Symlinking /home/rmajetson/Work_2025/jetson/robot_ws/devel/share/robot_base_controller/cmake/robot_base_controllerConfig-version.cmake
Symlinking /home/rmajetson/Work_2025/jetson/robot_ws/devel/share/robot_base_controller/cmake/robot_base_controller-msg-paths.cmake
Symlinking /home/rmajetson/Work_2025/jetson/robot_ws/devel/share/gennodejs/ros/robot_base_controller/_index.js
Symlinking /home/rmajetson/Work_2025/jetson/robot_ws/devel/share/gennodejs/ros/robot_base_controller/msg/encoder_data.js
Symlinking /home/rmajetson/Work_2025/jetson/robot_ws/devel/share/gennodejs/ros/robot_base_controller/msg/_index.js
Symlinking /home/rmajetson/Work_2025/jetson/robot_ws/devel/share/gennodejs/ros/robot_base_controller/msg/velocity_data.js
Symlinking /home/rmajetson/Work_2025/jetson/robot_ws/devel/share/common-lisp/ros/robot_base_controller/msg/_package_velocity_data.lisp
Symlinking /home/rmajetson/Work_2025/jetson/robot_ws/devel/share/common-lisp/ros/robot_base_controller/msg/_package.lisp
Symlinking /home/rmajetson/Work_2025/jetson/robot_ws/devel/share/common-lisp/ros/robot_base_controller/msg/velocity_data.lisp
Symlinking /home/rmajetson/Work_2025/jetson/robot_ws/devel/share/common-lisp/ros/robot_base_controller/msg/_package_encoder_data.lisp
Symlinking /home/rmajetson/Work_2025/jetson/robot_ws/devel/share/common-lisp/ros/robot_base_controller/msg/encoder_data.lisp
Symlinking /home/rmajetson/Work_2025/jetson/robot_ws/devel/share/common-lisp/ros/robot_base_controller/msg/robot_base_controller-msg.asd
Symlinking /home/rmajetson/Work_2025/jetson/robot_ws/devel/share/roseus/ros/robot_base_controller/manifest.l
Symlinking /home/rmajetson/Work_2025/jetson/robot_ws/devel/share/roseus/ros/robot_base_controller/msg/encoder_data.l
Symlinking /home/rmajetson/Work_2025/jetson/robot_ws/devel/share/roseus/ros/robot_base_controller/msg/velocity_data.l
Symlinking /home/rmajetson/Work_2025/jetson/robot_ws/devel/lib/python3/dist-packages/robot_base_controller/__init__.py
Symlinking /home/rmajetson/Work_2025/jetson/robot_ws/devel/lib/python3/dist-packages/robot_base_controller/msg/__init__.py
Symlinking /home/rmajetson/Work_2025/jetson/robot_ws/devel/lib/python3/dist-packages/robot_base_controller/msg/_velocity_data.py
Symlinking /home/rmajetson/Work_2025/jetson/robot_ws/devel/lib/python3/dist-packages/robot_base_controller/msg/_encoder_data.py
Symlinking /home/rmajetson/Work_2025/jetson/robot_ws/devel/lib/pkgconfig/robot_base_controller.pc
Symlinking /home/rmajetson/Work_2025/jetson/robot_ws/devel/lib/robot_base_controller/hw_interface
Symlinking /home/rmajetson/Work_2025/jetson/robot_ws/devel/lib/robot_base_controller/i2c_master.py
Symlinking /home/rmajetson/Work_2025/jetson/robot_ws/devel/include/robot_base_controller/encoder_data.h
Symlinking /home/rmajetson/Work_2025/jetson/robot_ws/devel/include/robot_base_controller/velocity_data.h
