Symlinking /home/gola/Documents/SEMEAR/Work_2025/jetson/robot_ws/devel/include/robot_base_controller/velocity_data.h
Symlinking /home/gola/Documents/SEMEAR/Work_2025/jetson/robot_ws/devel/include/robot_base_controller/encoder_data.h
Symlinking /home/gola/Documents/SEMEAR/Work_2025/jetson/robot_ws/devel/lib/python3/dist-packages/robot_base_controller/__init__.py
Symlinking /home/gola/Documents/SEMEAR/Work_2025/jetson/robot_ws/devel/lib/python3/dist-packages/robot_base_controller/msg/_velocity_data.py
Symlinking /home/gola/Documents/SEMEAR/Work_2025/jetson/robot_ws/devel/lib/python3/dist-packages/robot_base_controller/msg/_encoder_data.py
Symlinking /home/gola/Documents/SEMEAR/Work_2025/jetson/robot_ws/devel/lib/python3/dist-packages/robot_base_controller/msg/__init__.py
Symlinking /home/gola/Documents/SEMEAR/Work_2025/jetson/robot_ws/devel/lib/pkgconfig/robot_base_controller.pc
Symlinking /home/gola/Documents/SEMEAR/Work_2025/jetson/robot_ws/devel/lib/robot_base_controller/cmake.lock
Symlinking /home/gola/Documents/SEMEAR/Work_2025/jetson/robot_ws/devel/lib/robot_base_controller/i2c_master.py
Symlinking /home/gola/Documents/SEMEAR/Work_2025/jetson/robot_ws/devel/lib/robot_base_controller/hw_interface
Symlinking /home/gola/Documents/SEMEAR/Work_2025/jetson/robot_ws/devel/share/common-lisp/ros/robot_base_controller/msg/_package_velocity_data.lisp
Symlinking /home/gola/Documents/SEMEAR/Work_2025/jetson/robot_ws/devel/share/common-lisp/ros/robot_base_controller/msg/velocity_data.lisp
Symlinking /home/gola/Documents/SEMEAR/Work_2025/jetson/robot_ws/devel/share/common-lisp/ros/robot_base_controller/msg/_package.lisp
Symlinking /home/gola/Documents/SEMEAR/Work_2025/jetson/robot_ws/devel/share/common-lisp/ros/robot_base_controller/msg/robot_base_controller-msg.asd
Symlinking /home/gola/Documents/SEMEAR/Work_2025/jetson/robot_ws/devel/share/common-lisp/ros/robot_base_controller/msg/_package_encoder_data.lisp
Symlinking /home/gola/Documents/SEMEAR/Work_2025/jetson/robot_ws/devel/share/common-lisp/ros/robot_base_controller/msg/encoder_data.lisp
Symlinking /home/gola/Documents/SEMEAR/Work_2025/jetson/robot_ws/devel/share/roseus/ros/robot_base_controller/manifest.l
Symlinking /home/gola/Documents/SEMEAR/Work_2025/jetson/robot_ws/devel/share/roseus/ros/robot_base_controller/msg/velocity_data.l
Symlinking /home/gola/Documents/SEMEAR/Work_2025/jetson/robot_ws/devel/share/roseus/ros/robot_base_controller/msg/encoder_data.l
Symlinking /home/gola/Documents/SEMEAR/Work_2025/jetson/robot_ws/devel/share/gennodejs/ros/robot_base_controller/_index.js
Symlinking /home/gola/Documents/SEMEAR/Work_2025/jetson/robot_ws/devel/share/gennodejs/ros/robot_base_controller/msg/velocity_data.js
Symlinking /home/gola/Documents/SEMEAR/Work_2025/jetson/robot_ws/devel/share/gennodejs/ros/robot_base_controller/msg/encoder_data.js
Symlinking /home/gola/Documents/SEMEAR/Work_2025/jetson/robot_ws/devel/share/gennodejs/ros/robot_base_controller/msg/_index.js
Symlinking /home/gola/Documents/SEMEAR/Work_2025/jetson/robot_ws/devel/share/robot_base_controller/cmake/robot_base_controller-msg-paths.cmake
Symlinking /home/gola/Documents/SEMEAR/Work_2025/jetson/robot_ws/devel/share/robot_base_controller/cmake/robot_base_controllerConfig.cmake
Symlinking /home/gola/Documents/SEMEAR/Work_2025/jetson/robot_ws/devel/share/robot_base_controller/cmake/robot_base_controllerConfig-version.cmake
Symlinking /home/gola/Documents/SEMEAR/Work_2025/jetson/robot_ws/devel/share/robot_base_controller/cmake/robot_base_controller-msg-extras.cmake
Cleaning: (/home/rmajetson/Work_2025/jetson/robot_ws/devel/.private/robot_base_controller/share/robot_base_controller/cmake/robot_base_controllerConfig.cmake, /home/rmajetson/Work_2025/jetson/robot_ws/devel/share/robot_base_controller/cmake/robot_base_controllerConfig.cmake)
Cleaning: (/home/rmajetson/Work_2025/jetson/robot_ws/devel/.private/robot_base_controller/share/robot_base_controller/cmake/robot_base_controller-msg-extras.cmake, /home/rmajetson/Work_2025/jetson/robot_ws/devel/share/robot_base_controller/cmake/robot_base_controller-msg-extras.cmake)
Cleaning: (/home/rmajetson/Work_2025/jetson/robot_ws/devel/.private/robot_base_controller/share/robot_base_controller/cmake/robot_base_controllerConfig-version.cmake, /home/rmajetson/Work_2025/jetson/robot_ws/devel/share/robot_base_controller/cmake/robot_base_controllerConfig-version.cmake)
Cleaning: (/home/rmajetson/Work_2025/jetson/robot_ws/devel/.private/robot_base_controller/share/robot_base_controller/cmake/robot_base_controller-msg-paths.cmake, /home/rmajetson/Work_2025/jetson/robot_ws/devel/share/robot_base_controller/cmake/robot_base_controller-msg-paths.cmake)
Cleaning: (/home/rmajetson/Work_2025/jetson/robot_ws/devel/.private/robot_base_controller/share/gennodejs/ros/robot_base_controller/_index.js, /home/rmajetson/Work_2025/jetson/robot_ws/devel/share/gennodejs/ros/robot_base_controller/_index.js)
Cleaning: (/home/rmajetson/Work_2025/jetson/robot_ws/devel/.private/robot_base_controller/share/gennodejs/ros/robot_base_controller/msg/encoder_data.js, /home/rmajetson/Work_2025/jetson/robot_ws/devel/share/gennodejs/ros/robot_base_controller/msg/encoder_data.js)
Cleaning: (/home/rmajetson/Work_2025/jetson/robot_ws/devel/.private/robot_base_controller/share/gennodejs/ros/robot_base_controller/msg/_index.js, /home/rmajetson/Work_2025/jetson/robot_ws/devel/share/gennodejs/ros/robot_base_controller/msg/_index.js)
Cleaning: (/home/rmajetson/Work_2025/jetson/robot_ws/devel/.private/robot_base_controller/share/gennodejs/ros/robot_base_controller/msg/velocity_data.js, /home/rmajetson/Work_2025/jetson/robot_ws/devel/share/gennodejs/ros/robot_base_controller/msg/velocity_data.js)
Cleaning: (/home/rmajetson/Work_2025/jetson/robot_ws/devel/.private/robot_base_controller/share/common-lisp/ros/robot_base_controller/msg/_package_velocity_data.lisp, /home/rmajetson/Work_2025/jetson/robot_ws/devel/share/common-lisp/ros/robot_base_controller/msg/_package_velocity_data.lisp)
Cleaning: (/home/rmajetson/Work_2025/jetson/robot_ws/devel/.private/robot_base_controller/share/common-lisp/ros/robot_base_controller/msg/_package.lisp, /home/rmajetson/Work_2025/jetson/robot_ws/devel/share/common-lisp/ros/robot_base_controller/msg/_package.lisp)
Cleaning: (/home/rmajetson/Work_2025/jetson/robot_ws/devel/.private/robot_base_controller/share/common-lisp/ros/robot_base_controller/msg/velocity_data.lisp, /home/rmajetson/Work_2025/jetson/robot_ws/devel/share/common-lisp/ros/robot_base_controller/msg/velocity_data.lisp)
Cleaning: (/home/rmajetson/Work_2025/jetson/robot_ws/devel/.private/robot_base_controller/share/common-lisp/ros/robot_base_controller/msg/_package_encoder_data.lisp, /home/rmajetson/Work_2025/jetson/robot_ws/devel/share/common-lisp/ros/robot_base_controller/msg/_package_encoder_data.lisp)
Cleaning: (/home/rmajetson/Work_2025/jetson/robot_ws/devel/.private/robot_base_controller/share/common-lisp/ros/robot_base_controller/msg/encoder_data.lisp, /home/rmajetson/Work_2025/jetson/robot_ws/devel/share/common-lisp/ros/robot_base_controller/msg/encoder_data.lisp)
Cleaning: (/home/rmajetson/Work_2025/jetson/robot_ws/devel/.private/robot_base_controller/share/common-lisp/ros/robot_base_controller/msg/robot_base_controller-msg.asd, /home/rmajetson/Work_2025/jetson/robot_ws/devel/share/common-lisp/ros/robot_base_controller/msg/robot_base_controller-msg.asd)
Cleaning: (/home/rmajetson/Work_2025/jetson/robot_ws/devel/.private/robot_base_controller/share/roseus/ros/robot_base_controller/manifest.l, /home/rmajetson/Work_2025/jetson/robot_ws/devel/share/roseus/ros/robot_base_controller/manifest.l)
Cleaning: (/home/rmajetson/Work_2025/jetson/robot_ws/devel/.private/robot_base_controller/share/roseus/ros/robot_base_controller/msg/encoder_data.l, /home/rmajetson/Work_2025/jetson/robot_ws/devel/share/roseus/ros/robot_base_controller/msg/encoder_data.l)
Cleaning: (/home/rmajetson/Work_2025/jetson/robot_ws/devel/.private/robot_base_controller/share/roseus/ros/robot_base_controller/msg/velocity_data.l, /home/rmajetson/Work_2025/jetson/robot_ws/devel/share/roseus/ros/robot_base_controller/msg/velocity_data.l)
Cleaning: (/home/rmajetson/Work_2025/jetson/robot_ws/devel/.private/robot_base_controller/lib/python3/dist-packages/robot_base_controller/__init__.py, /home/rmajetson/Work_2025/jetson/robot_ws/devel/lib/python3/dist-packages/robot_base_controller/__init__.py)
Cleaning: (/home/rmajetson/Work_2025/jetson/robot_ws/devel/.private/robot_base_controller/lib/python3/dist-packages/robot_base_controller/msg/__init__.py, /home/rmajetson/Work_2025/jetson/robot_ws/devel/lib/python3/dist-packages/robot_base_controller/msg/__init__.py)
Cleaning: (/home/rmajetson/Work_2025/jetson/robot_ws/devel/.private/robot_base_controller/lib/python3/dist-packages/robot_base_controller/msg/_velocity_data.py, /home/rmajetson/Work_2025/jetson/robot_ws/devel/lib/python3/dist-packages/robot_base_controller/msg/_velocity_data.py)
Cleaning: (/home/rmajetson/Work_2025/jetson/robot_ws/devel/.private/robot_base_controller/lib/python3/dist-packages/robot_base_controller/msg/_encoder_data.py, /home/rmajetson/Work_2025/jetson/robot_ws/devel/lib/python3/dist-packages/robot_base_controller/msg/_encoder_data.py)
Cleaning: (/home/rmajetson/Work_2025/jetson/robot_ws/devel/.private/robot_base_controller/lib/pkgconfig/robot_base_controller.pc, /home/rmajetson/Work_2025/jetson/robot_ws/devel/lib/pkgconfig/robot_base_controller.pc)
Cleaning: (/home/rmajetson/Work_2025/jetson/robot_ws/devel/.private/robot_base_controller/lib/robot_base_controller/hw_interface, /home/rmajetson/Work_2025/jetson/robot_ws/devel/lib/robot_base_controller/hw_interface)
Cleaning: (/home/rmajetson/Work_2025/jetson/robot_ws/devel/.private/robot_base_controller/lib/robot_base_controller/i2c_master.py, /home/rmajetson/Work_2025/jetson/robot_ws/devel/lib/robot_base_controller/i2c_master.py)
Cleaning: (/home/rmajetson/Work_2025/jetson/robot_ws/devel/.private/robot_base_controller/include/robot_base_controller/encoder_data.h, /home/rmajetson/Work_2025/jetson/robot_ws/devel/include/robot_base_controller/encoder_data.h)
Cleaning: (/home/rmajetson/Work_2025/jetson/robot_ws/devel/.private/robot_base_controller/include/robot_base_controller/velocity_data.h, /home/rmajetson/Work_2025/jetson/robot_ws/devel/include/robot_base_controller/velocity_data.h)
Unlinking: /home/rmajetson/Work_2025/jetson/robot_ws/devel/share/robot_base_controller/cmake/robot_base_controllerConfig.cmake
Already unlinked: {}
Unlinking: /home/rmajetson/Work_2025/jetson/robot_ws/devel/share/robot_base_controller/cmake/robot_base_controller-msg-extras.cmake
Already unlinked: {}
Unlinking: /home/rmajetson/Work_2025/jetson/robot_ws/devel/share/robot_base_controller/cmake/robot_base_controllerConfig-version.cmake
Already unlinked: {}
Unlinking: /home/rmajetson/Work_2025/jetson/robot_ws/devel/share/robot_base_controller/cmake/robot_base_controller-msg-paths.cmake
Already unlinked: {}
Unlinking: /home/rmajetson/Work_2025/jetson/robot_ws/devel/share/gennodejs/ros/robot_base_controller/_index.js
Already unlinked: {}
Unlinking: /home/rmajetson/Work_2025/jetson/robot_ws/devel/share/gennodejs/ros/robot_base_controller/msg/encoder_data.js
Already unlinked: {}
Unlinking: /home/rmajetson/Work_2025/jetson/robot_ws/devel/share/gennodejs/ros/robot_base_controller/msg/_index.js
Already unlinked: {}
Unlinking: /home/rmajetson/Work_2025/jetson/robot_ws/devel/share/gennodejs/ros/robot_base_controller/msg/velocity_data.js
Already unlinked: {}
Unlinking: /home/rmajetson/Work_2025/jetson/robot_ws/devel/share/common-lisp/ros/robot_base_controller/msg/_package_velocity_data.lisp
Already unlinked: {}
Unlinking: /home/rmajetson/Work_2025/jetson/robot_ws/devel/share/common-lisp/ros/robot_base_controller/msg/_package.lisp
Already unlinked: {}
Unlinking: /home/rmajetson/Work_2025/jetson/robot_ws/devel/share/common-lisp/ros/robot_base_controller/msg/velocity_data.lisp
Already unlinked: {}
Unlinking: /home/rmajetson/Work_2025/jetson/robot_ws/devel/share/common-lisp/ros/robot_base_controller/msg/_package_encoder_data.lisp
Already unlinked: {}
Unlinking: /home/rmajetson/Work_2025/jetson/robot_ws/devel/share/common-lisp/ros/robot_base_controller/msg/encoder_data.lisp
Already unlinked: {}
Unlinking: /home/rmajetson/Work_2025/jetson/robot_ws/devel/share/common-lisp/ros/robot_base_controller/msg/robot_base_controller-msg.asd
Already unlinked: {}
Unlinking: /home/rmajetson/Work_2025/jetson/robot_ws/devel/share/roseus/ros/robot_base_controller/manifest.l
Already unlinked: {}
Unlinking: /home/rmajetson/Work_2025/jetson/robot_ws/devel/share/roseus/ros/robot_base_controller/msg/encoder_data.l
Already unlinked: {}
Unlinking: /home/rmajetson/Work_2025/jetson/robot_ws/devel/share/roseus/ros/robot_base_controller/msg/velocity_data.l
Already unlinked: {}
Unlinking: /home/rmajetson/Work_2025/jetson/robot_ws/devel/lib/python3/dist-packages/robot_base_controller/__init__.py
Already unlinked: {}
Unlinking: /home/rmajetson/Work_2025/jetson/robot_ws/devel/lib/python3/dist-packages/robot_base_controller/msg/__init__.py
Already unlinked: {}
Unlinking: /home/rmajetson/Work_2025/jetson/robot_ws/devel/lib/python3/dist-packages/robot_base_controller/msg/_velocity_data.py
Already unlinked: {}
Unlinking: /home/rmajetson/Work_2025/jetson/robot_ws/devel/lib/python3/dist-packages/robot_base_controller/msg/_encoder_data.py
Already unlinked: {}
Unlinking: /home/rmajetson/Work_2025/jetson/robot_ws/devel/lib/pkgconfig/robot_base_controller.pc
Already unlinked: {}
Unlinking: /home/rmajetson/Work_2025/jetson/robot_ws/devel/lib/robot_base_controller/hw_interface
Already unlinked: {}
Unlinking: /home/rmajetson/Work_2025/jetson/robot_ws/devel/lib/robot_base_controller/i2c_master.py
Already unlinked: {}
Unlinking: /home/rmajetson/Work_2025/jetson/robot_ws/devel/include/robot_base_controller/encoder_data.h
Already unlinked: {}
Unlinking: /home/rmajetson/Work_2025/jetson/robot_ws/devel/include/robot_base_controller/velocity_data.h
Already unlinked: {}
