Not searching for unused variables given on the command line.
[36m--[0m Using CATKIN_DEVEL_PREFIX: /home/rmajetson/Work_2025/jetson/robot_ws/devel/.private/robot_scheduler
[36m--[0m Using CMAKE_PREFIX_PATH: /home/rmajetson/Work_2025/jetson/robot_ws/devel;/home/rmajetson/Trekking_2025/Jetson/catkin_ws/devel;/home/rmajetson/catkin_ws/devel;/opt/ros/noetic;/usr/local;/usr/local
[36m--[0m This workspace overlays: /home/rmajetson/Work_2025/jetson/robot_ws/devel;/home/rmajetson/Trekking_2025/Jetson/catkin_ws/devel;/home/rmajetson/catkin_ws/devel;/opt/ros/noetic
[36m--[0m Found PythonInterp: /usr/bin/python3 (found suitable version "3.8.10", minimum required is "3")
[36m--[0m Using PYTHON_EXECUTABLE: /usr/bin/python3
[36m--[0m Using Debian Python package layout
[36m--[0m Using empy: /usr/lib/python3/dist-packages/em.py
[36m--[0m Using CATKIN_ENABLE_TESTING: ON
[36m--[0m Call enable_testing()
[36m--[0m Using CATKIN_TEST_RESULTS_DIR: /home/rmajetson/Work_2025/jetson/robot_ws/build/robot_scheduler/test_results
[36m--[0m Forcing gtest/gmock from source, though one was otherwise available.
[36m--[0m Found gtest sources under '/usr/src/googletest': gtests will be built
[36m--[0m Found gmock sources under '/usr/src/googletest': gmock will be built
[36m--[0m Found PythonInterp: /usr/bin/python3 (found version "3.8.10")
[36m--[0m Using Python nosetests: /usr/bin/nosetests3
[36m--[0m catkin 0.8.12
[36m--[0m BUILD_SHARED_LIBS is on
[36m--[0m Using these message generators: gencpp;geneus;genlisp;gennodejs;genpy
[33m[1mCMake Warning[0m at /home/rmajetson/Work_2025/jetson/robot_ws/build/robot_scheduler/cmake/robot_scheduler-genmsg.cmake:3 (message):
  Invoking generate_messages() without having added any message or service
  file before.

  You should either add add_message_files() and/or add_service_files() calls
  or remove the invocation of generate_messages().
[36mCall Stack (most recent call first):[0m
  /opt/ros/noetic/share/genmsg/cmake/genmsg-extras.cmake:307 (include)
  CMakeLists.txt:71 (generate_messages)


[36m--[0m robot_scheduler: 0 messages, 0 services
[31m[1mCMake Error[0m at /opt/ros/noetic/share/genmsg/cmake/genmsg-extras.cmake:98 (message):
  generate_messages() must be called after add_message_files()
[36mCall Stack (most recent call first):[0m
  CMakeLists.txt:209 (add_message_files)


[36m--[0m Configuring incomplete, errors occurred!
See also "/home/rmajetson/Work_2025/jetson/robot_ws/build/robot_scheduler/CMakeFiles/CMakeOutput.log".
See also "/home/rmajetson/Work_2025/jetson/robot_ws/build/robot_scheduler/CMakeFiles/CMakeError.log".
