Symlinking /home/rmajetson/Work_2025/jetson/robot_ws/devel/share/gennodejs/ros/robot_scheduler/_index.js
Symlinking /home/rmajetson/Work_2025/jetson/robot_ws/devel/share/gennodejs/ros/robot_scheduler/msg/_index.js
Symlinking /home/rmajetson/Work_2025/jetson/robot_ws/devel/share/gennodejs/ros/robot_scheduler/msg/SchedulerResponse.js
Symlinking /home/rmajetson/Work_2025/jetson/robot_ws/devel/share/gennodejs/ros/robot_scheduler/msg/SchedulerCommand.js
Symlinking /home/rmajetson/Work_2025/jetson/robot_ws/devel/share/robot_scheduler/cmake/robot_scheduler-msg-extras.cmake
Symlinking /home/rmajetson/Work_2025/jetson/robot_ws/devel/share/robot_scheduler/cmake/robot_scheduler-msg-paths.cmake
Symlinking /home/rmajetson/Work_2025/jetson/robot_ws/devel/share/robot_scheduler/cmake/robot_schedulerConfig.cmake
Symlinking /home/rmajetson/Work_2025/jetson/robot_ws/devel/share/robot_scheduler/cmake/robot_schedulerConfig-version.cmake
Symlinking /home/rmajetson/Work_2025/jetson/robot_ws/devel/share/common-lisp/ros/robot_scheduler/msg/_package.lisp
Symlinking /home/rmajetson/Work_2025/jetson/robot_ws/devel/share/common-lisp/ros/robot_scheduler/msg/SchedulerResponse.lisp
Symlinking /home/rmajetson/Work_2025/jetson/robot_ws/devel/share/common-lisp/ros/robot_scheduler/msg/_package_SchedulerResponse.lisp
Symlinking /home/rmajetson/Work_2025/jetson/robot_ws/devel/share/common-lisp/ros/robot_scheduler/msg/_package_SchedulerCommand.lisp
Symlinking /home/rmajetson/Work_2025/jetson/robot_ws/devel/share/common-lisp/ros/robot_scheduler/msg/robot_scheduler-msg.asd
Symlinking /home/rmajetson/Work_2025/jetson/robot_ws/devel/share/common-lisp/ros/robot_scheduler/msg/SchedulerCommand.lisp
Symlinking /home/rmajetson/Work_2025/jetson/robot_ws/devel/share/roseus/ros/robot_scheduler/manifest.l
Symlinking /home/rmajetson/Work_2025/jetson/robot_ws/devel/share/roseus/ros/robot_scheduler/msg/SchedulerCommand.l
Symlinking /home/rmajetson/Work_2025/jetson/robot_ws/devel/share/roseus/ros/robot_scheduler/msg/SchedulerResponse.l
Symlinking /home/rmajetson/Work_2025/jetson/robot_ws/devel/lib/python3/dist-packages/robot_scheduler/__init__.py
Symlinking /home/rmajetson/Work_2025/jetson/robot_ws/devel/lib/python3/dist-packages/robot_scheduler/msg/_SchedulerResponse.py
Symlinking /home/rmajetson/Work_2025/jetson/robot_ws/devel/lib/python3/dist-packages/robot_scheduler/msg/_SchedulerCommand.py
Symlinking /home/rmajetson/Work_2025/jetson/robot_ws/devel/lib/python3/dist-packages/robot_scheduler/msg/__init__.py
Symlinking /home/rmajetson/Work_2025/jetson/robot_ws/devel/lib/pkgconfig/robot_scheduler.pc
Symlinking /home/rmajetson/Work_2025/jetson/robot_ws/devel/include/robot_scheduler/SchedulerCommand.h
Symlinking /home/rmajetson/Work_2025/jetson/robot_ws/devel/include/robot_scheduler/SchedulerResponse.h
