Linked: (/home/jetsonorin/Documents/Work_2025/jetson/robot_ws/devel/.private/robot_scheduler/lib/robot_scheduler/scheduler.py, /home/jetsonorin/Documents/Work_2025/jetson/robot_ws/devel/lib/robot_scheduler/scheduler.py)
Linked: (/home/jetsonorin/Documents/Work_2025/jetson/robot_ws/devel/.private/robot_scheduler/lib/pkgconfig/robot_scheduler.pc, /home/jetsonorin/Documents/Work_2025/jetson/robot_ws/devel/lib/pkgconfig/robot_scheduler.pc)
Linked: (/home/jetsonorin/Documents/Work_2025/jetson/robot_ws/devel/.private/robot_scheduler/lib/python3/dist-packages/robot_scheduler/__init__.py, /home/jetsonorin/Documents/Work_2025/jetson/robot_ws/devel/lib/python3/dist-packages/robot_scheduler/__init__.py)
Linked: (/home/jetsonorin/Documents/Work_2025/jetson/robot_ws/devel/.private/robot_scheduler/lib/python3/dist-packages/robot_scheduler/msg/_Subtask.py, /home/jetsonorin/Documents/Work_2025/jetson/robot_ws/devel/lib/python3/dist-packages/robot_scheduler/msg/_Subtask.py)
Linked: (/home/jetsonorin/Documents/Work_2025/jetson/robot_ws/devel/.private/robot_scheduler/lib/python3/dist-packages/robot_scheduler/msg/_TaskRequest.py, /home/jetsonorin/Documents/Work_2025/jetson/robot_ws/devel/lib/python3/dist-packages/robot_scheduler/msg/_TaskRequest.py)
Linked: (/home/jetsonorin/Documents/Work_2025/jetson/robot_ws/devel/.private/robot_scheduler/lib/python3/dist-packages/robot_scheduler/msg/_Object.py, /home/jetsonorin/Documents/Work_2025/jetson/robot_ws/devel/lib/python3/dist-packages/robot_scheduler/msg/_Object.py)
Linked: (/home/jetsonorin/Documents/Work_2025/jetson/robot_ws/devel/.private/robot_scheduler/lib/python3/dist-packages/robot_scheduler/msg/_SchedulerResponse.py, /home/jetsonorin/Documents/Work_2025/jetson/robot_ws/devel/lib/python3/dist-packages/robot_scheduler/msg/_SchedulerResponse.py)
Linked: (/home/jetsonorin/Documents/Work_2025/jetson/robot_ws/devel/.private/robot_scheduler/lib/python3/dist-packages/robot_scheduler/msg/_SchedulerCommand.py, /home/jetsonorin/Documents/Work_2025/jetson/robot_ws/devel/lib/python3/dist-packages/robot_scheduler/msg/_SchedulerCommand.py)
Linked: (/home/jetsonorin/Documents/Work_2025/jetson/robot_ws/devel/.private/robot_scheduler/lib/python3/dist-packages/robot_scheduler/msg/__init__.py, /home/jetsonorin/Documents/Work_2025/jetson/robot_ws/devel/lib/python3/dist-packages/robot_scheduler/msg/__init__.py)
Linked: (/home/jetsonorin/Documents/Work_2025/jetson/robot_ws/devel/.private/robot_scheduler/share/roseus/ros/robot_scheduler/manifest.l, /home/jetsonorin/Documents/Work_2025/jetson/robot_ws/devel/share/roseus/ros/robot_scheduler/manifest.l)
Linked: (/home/jetsonorin/Documents/Work_2025/jetson/robot_ws/devel/.private/robot_scheduler/share/roseus/ros/robot_scheduler/msg/TaskRequest.l, /home/jetsonorin/Documents/Work_2025/jetson/robot_ws/devel/share/roseus/ros/robot_scheduler/msg/TaskRequest.l)
Linked: (/home/jetsonorin/Documents/Work_2025/jetson/robot_ws/devel/.private/robot_scheduler/share/roseus/ros/robot_scheduler/msg/SchedulerCommand.l, /home/jetsonorin/Documents/Work_2025/jetson/robot_ws/devel/share/roseus/ros/robot_scheduler/msg/SchedulerCommand.l)
Linked: (/home/jetsonorin/Documents/Work_2025/jetson/robot_ws/devel/.private/robot_scheduler/share/roseus/ros/robot_scheduler/msg/Subtask.l, /home/jetsonorin/Documents/Work_2025/jetson/robot_ws/devel/share/roseus/ros/robot_scheduler/msg/Subtask.l)
Linked: (/home/jetsonorin/Documents/Work_2025/jetson/robot_ws/devel/.private/robot_scheduler/share/roseus/ros/robot_scheduler/msg/Object.l, /home/jetsonorin/Documents/Work_2025/jetson/robot_ws/devel/share/roseus/ros/robot_scheduler/msg/Object.l)
Linked: (/home/jetsonorin/Documents/Work_2025/jetson/robot_ws/devel/.private/robot_scheduler/share/roseus/ros/robot_scheduler/msg/SchedulerResponse.l, /home/jetsonorin/Documents/Work_2025/jetson/robot_ws/devel/share/roseus/ros/robot_scheduler/msg/SchedulerResponse.l)
Linked: (/home/jetsonorin/Documents/Work_2025/jetson/robot_ws/devel/.private/robot_scheduler/share/gennodejs/ros/robot_scheduler/_index.js, /home/jetsonorin/Documents/Work_2025/jetson/robot_ws/devel/share/gennodejs/ros/robot_scheduler/_index.js)
Linked: (/home/jetsonorin/Documents/Work_2025/jetson/robot_ws/devel/.private/robot_scheduler/share/gennodejs/ros/robot_scheduler/msg/Object.js, /home/jetsonorin/Documents/Work_2025/jetson/robot_ws/devel/share/gennodejs/ros/robot_scheduler/msg/Object.js)
Linked: (/home/jetsonorin/Documents/Work_2025/jetson/robot_ws/devel/.private/robot_scheduler/share/gennodejs/ros/robot_scheduler/msg/SchedulerCommand.js, /home/jetsonorin/Documents/Work_2025/jetson/robot_ws/devel/share/gennodejs/ros/robot_scheduler/msg/SchedulerCommand.js)
Linked: (/home/jetsonorin/Documents/Work_2025/jetson/robot_ws/devel/.private/robot_scheduler/share/gennodejs/ros/robot_scheduler/msg/_index.js, /home/jetsonorin/Documents/Work_2025/jetson/robot_ws/devel/share/gennodejs/ros/robot_scheduler/msg/_index.js)
Linked: (/home/jetsonorin/Documents/Work_2025/jetson/robot_ws/devel/.private/robot_scheduler/share/gennodejs/ros/robot_scheduler/msg/SchedulerResponse.js, /home/jetsonorin/Documents/Work_2025/jetson/robot_ws/devel/share/gennodejs/ros/robot_scheduler/msg/SchedulerResponse.js)
Linked: (/home/jetsonorin/Documents/Work_2025/jetson/robot_ws/devel/.private/robot_scheduler/share/gennodejs/ros/robot_scheduler/msg/Subtask.js, /home/jetsonorin/Documents/Work_2025/jetson/robot_ws/devel/share/gennodejs/ros/robot_scheduler/msg/Subtask.js)
Linked: (/home/jetsonorin/Documents/Work_2025/jetson/robot_ws/devel/.private/robot_scheduler/share/gennodejs/ros/robot_scheduler/msg/TaskRequest.js, /home/jetsonorin/Documents/Work_2025/jetson/robot_ws/devel/share/gennodejs/ros/robot_scheduler/msg/TaskRequest.js)
Linked: (/home/jetsonorin/Documents/Work_2025/jetson/robot_ws/devel/.private/robot_scheduler/share/robot_scheduler/cmake/robot_scheduler-msg-paths.cmake, /home/jetsonorin/Documents/Work_2025/jetson/robot_ws/devel/share/robot_scheduler/cmake/robot_scheduler-msg-paths.cmake)
Linked: (/home/jetsonorin/Documents/Work_2025/jetson/robot_ws/devel/.private/robot_scheduler/share/robot_scheduler/cmake/robot_scheduler-msg-extras.cmake, /home/jetsonorin/Documents/Work_2025/jetson/robot_ws/devel/share/robot_scheduler/cmake/robot_scheduler-msg-extras.cmake)
Linked: (/home/jetsonorin/Documents/Work_2025/jetson/robot_ws/devel/.private/robot_scheduler/share/robot_scheduler/cmake/robot_schedulerConfig-version.cmake, /home/jetsonorin/Documents/Work_2025/jetson/robot_ws/devel/share/robot_scheduler/cmake/robot_schedulerConfig-version.cmake)
Linked: (/home/jetsonorin/Documents/Work_2025/jetson/robot_ws/devel/.private/robot_scheduler/share/robot_scheduler/cmake/robot_schedulerConfig.cmake, /home/jetsonorin/Documents/Work_2025/jetson/robot_ws/devel/share/robot_scheduler/cmake/robot_schedulerConfig.cmake)
Linked: (/home/jetsonorin/Documents/Work_2025/jetson/robot_ws/devel/.private/robot_scheduler/share/common-lisp/ros/robot_scheduler/msg/SchedulerResponse.lisp, /home/jetsonorin/Documents/Work_2025/jetson/robot_ws/devel/share/common-lisp/ros/robot_scheduler/msg/SchedulerResponse.lisp)
Linked: (/home/jetsonorin/Documents/Work_2025/jetson/robot_ws/devel/.private/robot_scheduler/share/common-lisp/ros/robot_scheduler/msg/_package_Subtask.lisp, /home/jetsonorin/Documents/Work_2025/jetson/robot_ws/devel/share/common-lisp/ros/robot_scheduler/msg/_package_Subtask.lisp)
Linked: (/home/jetsonorin/Documents/Work_2025/jetson/robot_ws/devel/.private/robot_scheduler/share/common-lisp/ros/robot_scheduler/msg/_package_SchedulerResponse.lisp, /home/jetsonorin/Documents/Work_2025/jetson/robot_ws/devel/share/common-lisp/ros/robot_scheduler/msg/_package_SchedulerResponse.lisp)
Linked: (/home/jetsonorin/Documents/Work_2025/jetson/robot_ws/devel/.private/robot_scheduler/share/common-lisp/ros/robot_scheduler/msg/_package.lisp, /home/jetsonorin/Documents/Work_2025/jetson/robot_ws/devel/share/common-lisp/ros/robot_scheduler/msg/_package.lisp)
Linked: (/home/jetsonorin/Documents/Work_2025/jetson/robot_ws/devel/.private/robot_scheduler/share/common-lisp/ros/robot_scheduler/msg/_package_Object.lisp, /home/jetsonorin/Documents/Work_2025/jetson/robot_ws/devel/share/common-lisp/ros/robot_scheduler/msg/_package_Object.lisp)
Linked: (/home/jetsonorin/Documents/Work_2025/jetson/robot_ws/devel/.private/robot_scheduler/share/common-lisp/ros/robot_scheduler/msg/Subtask.lisp, /home/jetsonorin/Documents/Work_2025/jetson/robot_ws/devel/share/common-lisp/ros/robot_scheduler/msg/Subtask.lisp)
Linked: (/home/jetsonorin/Documents/Work_2025/jetson/robot_ws/devel/.private/robot_scheduler/share/common-lisp/ros/robot_scheduler/msg/Object.lisp, /home/jetsonorin/Documents/Work_2025/jetson/robot_ws/devel/share/common-lisp/ros/robot_scheduler/msg/Object.lisp)
Linked: (/home/jetsonorin/Documents/Work_2025/jetson/robot_ws/devel/.private/robot_scheduler/share/common-lisp/ros/robot_scheduler/msg/_package_TaskRequest.lisp, /home/jetsonorin/Documents/Work_2025/jetson/robot_ws/devel/share/common-lisp/ros/robot_scheduler/msg/_package_TaskRequest.lisp)
Linked: (/home/jetsonorin/Documents/Work_2025/jetson/robot_ws/devel/.private/robot_scheduler/share/common-lisp/ros/robot_scheduler/msg/robot_scheduler-msg.asd, /home/jetsonorin/Documents/Work_2025/jetson/robot_ws/devel/share/common-lisp/ros/robot_scheduler/msg/robot_scheduler-msg.asd)
Linked: (/home/jetsonorin/Documents/Work_2025/jetson/robot_ws/devel/.private/robot_scheduler/share/common-lisp/ros/robot_scheduler/msg/SchedulerCommand.lisp, /home/jetsonorin/Documents/Work_2025/jetson/robot_ws/devel/share/common-lisp/ros/robot_scheduler/msg/SchedulerCommand.lisp)
Linked: (/home/jetsonorin/Documents/Work_2025/jetson/robot_ws/devel/.private/robot_scheduler/share/common-lisp/ros/robot_scheduler/msg/_package_SchedulerCommand.lisp, /home/jetsonorin/Documents/Work_2025/jetson/robot_ws/devel/share/common-lisp/ros/robot_scheduler/msg/_package_SchedulerCommand.lisp)
Linked: (/home/jetsonorin/Documents/Work_2025/jetson/robot_ws/devel/.private/robot_scheduler/share/common-lisp/ros/robot_scheduler/msg/TaskRequest.lisp, /home/jetsonorin/Documents/Work_2025/jetson/robot_ws/devel/share/common-lisp/ros/robot_scheduler/msg/TaskRequest.lisp)
Linked: (/home/jetsonorin/Documents/Work_2025/jetson/robot_ws/devel/.private/robot_scheduler/include/robot_scheduler/SchedulerResponse.h, /home/jetsonorin/Documents/Work_2025/jetson/robot_ws/devel/include/robot_scheduler/SchedulerResponse.h)
Linked: (/home/jetsonorin/Documents/Work_2025/jetson/robot_ws/devel/.private/robot_scheduler/include/robot_scheduler/SchedulerCommand.h, /home/jetsonorin/Documents/Work_2025/jetson/robot_ws/devel/include/robot_scheduler/SchedulerCommand.h)
Linked: (/home/jetsonorin/Documents/Work_2025/jetson/robot_ws/devel/.private/robot_scheduler/include/robot_scheduler/Subtask.h, /home/jetsonorin/Documents/Work_2025/jetson/robot_ws/devel/include/robot_scheduler/Subtask.h)
Linked: (/home/jetsonorin/Documents/Work_2025/jetson/robot_ws/devel/.private/robot_scheduler/include/robot_scheduler/TaskRequest.h, /home/jetsonorin/Documents/Work_2025/jetson/robot_ws/devel/include/robot_scheduler/TaskRequest.h)
Linked: (/home/jetsonorin/Documents/Work_2025/jetson/robot_ws/devel/.private/robot_scheduler/include/robot_scheduler/Object.h, /home/jetsonorin/Documents/Work_2025/jetson/robot_ws/devel/include/robot_scheduler/Object.h)
