[35m[1mScanning dependencies of target _robot_scheduler_generate_messages_check_deps_SchedulerCommand[0m
[35m[1mScanning dependencies of target std_msgs_generate_messages_py[0m
[35m[1mScanning dependencies of target _robot_scheduler_generate_messages_check_deps_SchedulerResponse[0m
[35m[1mScanning dependencies of target std_msgs_generate_messages_nodejs[0m
[35m[1mScanning dependencies of target std_msgs_generate_messages_eus[0m
[35m[1mScanning dependencies of target std_msgs_generate_messages_cpp[0m
[  0%] Built target std_msgs_generate_messages_cpp
[  0%] Built target std_msgs_generate_messages_nodejs
[  0%] Built target std_msgs_generate_messages_eus
[  0%] Built target std_msgs_generate_messages_py
[35m[1mScanning dependencies of target std_msgs_generate_messages_lisp[0m
[  0%] Built target std_msgs_generate_messages_lisp
[  0%] Built target _robot_scheduler_generate_messages_check_deps_SchedulerResponse
[  0%] Built target _robot_scheduler_generate_messages_check_deps_SchedulerCommand
[35m[1mScanning dependencies of target robot_scheduler_generate_messages_lisp[0m
[35m[1mScanning dependencies of target robot_scheduler_generate_messages_cpp[0m
[35m[1mScanning dependencies of target robot_scheduler_generate_messages_nodejs[0m
[35m[1mScanning dependencies of target robot_scheduler_generate_messages_py[0m
[35m[1mScanning dependencies of target robot_scheduler_generate_messages_eus[0m
[ 25%] [34m[1mGenerating Python from MSG robot_scheduler/SchedulerCommand[0m
[ 25%] [34m[1mGenerating EusLisp code from robot_scheduler/SchedulerCommand.msg[0m
[ 33%] [34m[1mGenerating Lisp code from robot_scheduler/SchedulerCommand.msg[0m
[ 41%] [34m[1mGenerating Lisp code from robot_scheduler/SchedulerResponse.msg[0m
[ 41%] [34m[1mGenerating C++ code from robot_scheduler/SchedulerCommand.msg[0m
[ 50%] [34m[1mGenerating Javascript code from robot_scheduler/SchedulerCommand.msg[0m
[ 58%] [34m[1mGenerating Javascript code from robot_scheduler/SchedulerResponse.msg[0m
[ 66%] [34m[1mGenerating C++ code from robot_scheduler/SchedulerResponse.msg[0m
[ 66%] Built target robot_scheduler_generate_messages_lisp
[ 83%] [34m[1mGenerating EusLisp manifest code for robot_scheduler[0m
[ 83%] [34m[1mGenerating EusLisp code from robot_scheduler/SchedulerResponse.msg[0m
[ 83%] Built target robot_scheduler_generate_messages_nodejs
[ 91%] [34m[1mGenerating Python from MSG robot_scheduler/SchedulerResponse[0m
[ 91%] Built target robot_scheduler_generate_messages_cpp
[100%] [34m[1mGenerating Python msg __init__.py for robot_scheduler[0m
[100%] Built target robot_scheduler_generate_messages_eus
[100%] Built target robot_scheduler_generate_messages_py
[35m[1mScanning dependencies of target robot_scheduler_generate_messages[0m
[100%] Built target robot_scheduler_generate_messages
