[  0%] Built target std_msgs_generate_messages_nodejs
[  0%] Built target geometry_msgs_generate_messages_nodejs
[  0%] Built target _robot_scheduler_generate_messages_check_deps_SchedulerCommand
[  0%] Built target _robot_scheduler_generate_messages_check_deps_TaskRequest
[  0%] Built target _robot_scheduler_generate_messages_check_deps_Object
[  0%] Built target _robot_scheduler_generate_messages_check_deps_SchedulerResponse
[  0%] Built target geometry_msgs_generate_messages_cpp
[  0%] Built target _robot_scheduler_generate_messages_check_deps_Subtask
[  0%] Built target std_msgs_generate_messages_cpp
[  0%] Built target std_msgs_generate_messages_py
[  0%] Built target geometry_msgs_generate_messages_py
[  0%] Built target geometry_msgs_generate_messages_eus
[  0%] Built target std_msgs_generate_messages_eus
[  0%] Built target std_msgs_generate_messages_lisp
[  0%] Built target geometry_msgs_generate_messages_lisp
[ 18%] Built target robot_scheduler_generate_messages_nodejs
[ 37%] Built target robot_scheduler_generate_messages_cpp
[ 59%] Built target robot_scheduler_generate_messages_py
[ 81%] Built target robot_scheduler_generate_messages_eus
[100%] Built target robot_scheduler_generate_messages_lisp
[100%] Built target robot_scheduler_generate_messages
