Linked: (/home/jetsonorin/Documents/Work_2025/jetson/robot_ws/devel/.private/robot_perception/lib/robot_perception/vision_identification.py, /home/jetsonorin/Documents/Work_2025/jetson/robot_ws/devel/lib/robot_perception/vision_identification.py)
Linked: (/home/jetsonorin/Documents/Work_2025/jetson/robot_ws/devel/.private/robot_perception/lib/robot_perception/i2c_ultrasonic.py, /home/jetsonorin/Documents/Work_2025/jetson/robot_ws/devel/lib/robot_perception/i2c_ultrasonic.py)
Linked: (/home/jetsonorin/Documents/Work_2025/jetson/robot_ws/devel/.private/robot_perception/lib/pkgconfig/robot_perception.pc, /home/jetsonorin/Documents/Work_2025/jetson/robot_ws/devel/lib/pkgconfig/robot_perception.pc)
Linked: (/home/jetsonorin/Documents/Work_2025/jetson/robot_ws/devel/.private/robot_perception/lib/python3/dist-packages/robot_perception/__init__.py, /home/jetsonorin/Documents/Work_2025/jetson/robot_ws/devel/lib/python3/dist-packages/robot_perception/__init__.py)
Linked: (/home/jetsonorin/Documents/Work_2025/jetson/robot_ws/devel/.private/robot_perception/lib/python3/dist-packages/robot_perception/msg/_UltrasonicDistances.py, /home/jetsonorin/Documents/Work_2025/jetson/robot_ws/devel/lib/python3/dist-packages/robot_perception/msg/_UltrasonicDistances.py)
Linked: (/home/jetsonorin/Documents/Work_2025/jetson/robot_ws/devel/.private/robot_perception/lib/python3/dist-packages/robot_perception/msg/_Point.py, /home/jetsonorin/Documents/Work_2025/jetson/robot_ws/devel/lib/python3/dist-packages/robot_perception/msg/_Point.py)
Linked: (/home/jetsonorin/Documents/Work_2025/jetson/robot_ws/devel/.private/robot_perception/lib/python3/dist-packages/robot_perception/msg/_Identify.py, /home/jetsonorin/Documents/Work_2025/jetson/robot_ws/devel/lib/python3/dist-packages/robot_perception/msg/_Identify.py)
Linked: (/home/jetsonorin/Documents/Work_2025/jetson/robot_ws/devel/.private/robot_perception/lib/python3/dist-packages/robot_perception/msg/__init__.py, /home/jetsonorin/Documents/Work_2025/jetson/robot_ws/devel/lib/python3/dist-packages/robot_perception/msg/__init__.py)
Linked: (/home/jetsonorin/Documents/Work_2025/jetson/robot_ws/devel/.private/robot_perception/share/roseus/ros/robot_perception/manifest.l, /home/jetsonorin/Documents/Work_2025/jetson/robot_ws/devel/share/roseus/ros/robot_perception/manifest.l)
Linked: (/home/jetsonorin/Documents/Work_2025/jetson/robot_ws/devel/.private/robot_perception/share/roseus/ros/robot_perception/msg/Identify.l, /home/jetsonorin/Documents/Work_2025/jetson/robot_ws/devel/share/roseus/ros/robot_perception/msg/Identify.l)
Linked: (/home/jetsonorin/Documents/Work_2025/jetson/robot_ws/devel/.private/robot_perception/share/roseus/ros/robot_perception/msg/UltrasonicDistances.l, /home/jetsonorin/Documents/Work_2025/jetson/robot_ws/devel/share/roseus/ros/robot_perception/msg/UltrasonicDistances.l)
Linked: (/home/jetsonorin/Documents/Work_2025/jetson/robot_ws/devel/.private/robot_perception/share/roseus/ros/robot_perception/msg/Point.l, /home/jetsonorin/Documents/Work_2025/jetson/robot_ws/devel/share/roseus/ros/robot_perception/msg/Point.l)
Linked: (/home/jetsonorin/Documents/Work_2025/jetson/robot_ws/devel/.private/robot_perception/share/gennodejs/ros/robot_perception/_index.js, /home/jetsonorin/Documents/Work_2025/jetson/robot_ws/devel/share/gennodejs/ros/robot_perception/_index.js)
Linked: (/home/jetsonorin/Documents/Work_2025/jetson/robot_ws/devel/.private/robot_perception/share/gennodejs/ros/robot_perception/msg/UltrasonicDistances.js, /home/jetsonorin/Documents/Work_2025/jetson/robot_ws/devel/share/gennodejs/ros/robot_perception/msg/UltrasonicDistances.js)
Linked: (/home/jetsonorin/Documents/Work_2025/jetson/robot_ws/devel/.private/robot_perception/share/gennodejs/ros/robot_perception/msg/_index.js, /home/jetsonorin/Documents/Work_2025/jetson/robot_ws/devel/share/gennodejs/ros/robot_perception/msg/_index.js)
Linked: (/home/jetsonorin/Documents/Work_2025/jetson/robot_ws/devel/.private/robot_perception/share/gennodejs/ros/robot_perception/msg/Identify.js, /home/jetsonorin/Documents/Work_2025/jetson/robot_ws/devel/share/gennodejs/ros/robot_perception/msg/Identify.js)
Linked: (/home/jetsonorin/Documents/Work_2025/jetson/robot_ws/devel/.private/robot_perception/share/gennodejs/ros/robot_perception/msg/Point.js, /home/jetsonorin/Documents/Work_2025/jetson/robot_ws/devel/share/gennodejs/ros/robot_perception/msg/Point.js)
Linked: (/home/jetsonorin/Documents/Work_2025/jetson/robot_ws/devel/.private/robot_perception/share/robot_perception/cmake/robot_perceptionConfig.cmake, /home/jetsonorin/Documents/Work_2025/jetson/robot_ws/devel/share/robot_perception/cmake/robot_perceptionConfig.cmake)
Linked: (/home/jetsonorin/Documents/Work_2025/jetson/robot_ws/devel/.private/robot_perception/share/robot_perception/cmake/robot_perceptionConfig-version.cmake, /home/jetsonorin/Documents/Work_2025/jetson/robot_ws/devel/share/robot_perception/cmake/robot_perceptionConfig-version.cmake)
Linked: (/home/jetsonorin/Documents/Work_2025/jetson/robot_ws/devel/.private/robot_perception/share/robot_perception/cmake/robot_perception-msg-extras.cmake, /home/jetsonorin/Documents/Work_2025/jetson/robot_ws/devel/share/robot_perception/cmake/robot_perception-msg-extras.cmake)
Linked: (/home/jetsonorin/Documents/Work_2025/jetson/robot_ws/devel/.private/robot_perception/share/robot_perception/cmake/robot_perception-msg-paths.cmake, /home/jetsonorin/Documents/Work_2025/jetson/robot_ws/devel/share/robot_perception/cmake/robot_perception-msg-paths.cmake)
Linked: (/home/jetsonorin/Documents/Work_2025/jetson/robot_ws/devel/.private/robot_perception/share/common-lisp/ros/robot_perception/msg/Identify.lisp, /home/jetsonorin/Documents/Work_2025/jetson/robot_ws/devel/share/common-lisp/ros/robot_perception/msg/Identify.lisp)
Linked: (/home/jetsonorin/Documents/Work_2025/jetson/robot_ws/devel/.private/robot_perception/share/common-lisp/ros/robot_perception/msg/robot_perception-msg.asd, /home/jetsonorin/Documents/Work_2025/jetson/robot_ws/devel/share/common-lisp/ros/robot_perception/msg/robot_perception-msg.asd)
Linked: (/home/jetsonorin/Documents/Work_2025/jetson/robot_ws/devel/.private/robot_perception/share/common-lisp/ros/robot_perception/msg/Point.lisp, /home/jetsonorin/Documents/Work_2025/jetson/robot_ws/devel/share/common-lisp/ros/robot_perception/msg/Point.lisp)
Linked: (/home/jetsonorin/Documents/Work_2025/jetson/robot_ws/devel/.private/robot_perception/share/common-lisp/ros/robot_perception/msg/_package.lisp, /home/jetsonorin/Documents/Work_2025/jetson/robot_ws/devel/share/common-lisp/ros/robot_perception/msg/_package.lisp)
Linked: (/home/jetsonorin/Documents/Work_2025/jetson/robot_ws/devel/.private/robot_perception/share/common-lisp/ros/robot_perception/msg/_package_Point.lisp, /home/jetsonorin/Documents/Work_2025/jetson/robot_ws/devel/share/common-lisp/ros/robot_perception/msg/_package_Point.lisp)
Linked: (/home/jetsonorin/Documents/Work_2025/jetson/robot_ws/devel/.private/robot_perception/share/common-lisp/ros/robot_perception/msg/_package_Identify.lisp, /home/jetsonorin/Documents/Work_2025/jetson/robot_ws/devel/share/common-lisp/ros/robot_perception/msg/_package_Identify.lisp)
Linked: (/home/jetsonorin/Documents/Work_2025/jetson/robot_ws/devel/.private/robot_perception/share/common-lisp/ros/robot_perception/msg/UltrasonicDistances.lisp, /home/jetsonorin/Documents/Work_2025/jetson/robot_ws/devel/share/common-lisp/ros/robot_perception/msg/UltrasonicDistances.lisp)
Linked: (/home/jetsonorin/Documents/Work_2025/jetson/robot_ws/devel/.private/robot_perception/share/common-lisp/ros/robot_perception/msg/_package_UltrasonicDistances.lisp, /home/jetsonorin/Documents/Work_2025/jetson/robot_ws/devel/share/common-lisp/ros/robot_perception/msg/_package_UltrasonicDistances.lisp)
Linked: (/home/jetsonorin/Documents/Work_2025/jetson/robot_ws/devel/.private/robot_perception/include/robot_perception/Point.h, /home/jetsonorin/Documents/Work_2025/jetson/robot_ws/devel/include/robot_perception/Point.h)
Linked: (/home/jetsonorin/Documents/Work_2025/jetson/robot_ws/devel/.private/robot_perception/include/robot_perception/Identify.h, /home/jetsonorin/Documents/Work_2025/jetson/robot_ws/devel/include/robot_perception/Identify.h)
Linked: (/home/jetsonorin/Documents/Work_2025/jetson/robot_ws/devel/.private/robot_perception/include/robot_perception/UltrasonicDistances.h, /home/jetsonorin/Documents/Work_2025/jetson/robot_ws/devel/include/robot_perception/UltrasonicDistances.h)
