[35m[1mScanning dependencies of target point_cloud_nav[0m
[ 33%] [32mBuilding CXX object CMakeFiles/point_cloud_nav.dir/scripts/publish_PointClouds.cpp.o[0m
[35m[1mScanning dependencies of target std_msgs_generate_messages_cpp[0m
[ 33%] Built target std_msgs_generate_messages_cpp
[35m[1mScanning dependencies of target std_msgs_generate_messages_nodejs[0m
[35m[1mScanning dependencies of target std_msgs_generate_messages_py[0m
[35m[1mScanning dependencies of target std_msgs_generate_messages_eus[0m
[ 33%] Built target std_msgs_generate_messages_nodejs
[ 33%] Built target std_msgs_generate_messages_py
[35m[1mScanning dependencies of target std_msgs_generate_messages_lisp[0m
[ 33%] Built target std_msgs_generate_messages_eus
[35m[1mScanning dependencies of target robot_navigation_generate_messages_cpp[0m
[ 33%] Built target std_msgs_generate_messages_lisp
[ 33%] Built target robot_navigation_generate_messages_cpp
[35m[1mScanning dependencies of target robot_navigation_generate_messages_py[0m
[35m[1mScanning dependencies of target robot_navigation_generate_messages_eus[0m
[35m[1mScanning dependencies of target robot_navigation_generate_messages_nodejs[0m
[ 66%] [34m[1mGenerating EusLisp manifest code for robot_navigation[0m
[ 66%] Built target robot_navigation_generate_messages_nodejs
[ 66%] Built target robot_navigation_generate_messages_py
[35m[1mScanning dependencies of target robot_navigation_generate_messages_lisp[0m
[ 66%] Built target robot_navigation_generate_messages_lisp
[ 66%] Built target robot_navigation_generate_messages_eus
[35m[1mScanning dependencies of target robot_navigation_generate_messages[0m
[ 66%] Built target robot_navigation_generate_messages
[100%] [32m[1mLinking CXX executable /home/gola/Documents/SEMEAR/Work_2025/jetson/robot_ws/devel/.private/robot_navigation/lib/robot_navigation/point_cloud_nav[0m
[100%] Built target point_cloud_nav
